<?xml version="1.0" encoding="UTF-8"?>
<!-- Generated by org.testng.reporters.JUnitXMLReporter -->
<testsuite hostname="NGL010915" ignored="0" name="Test" tests="4" failures="0" timestamp="05 Dec 2019 15:27:33 GMT" time="0.053" errors="0">
  <testcase name="cashDeposit" time="0.01" classname="UdemyQA.DemoMavenProject.DepositTest"/>
  <testcase name="chequeDeposit" time="0.0" classname="UdemyQA.DemoMavenProject.DepositTest"/>
  <testcase name="login" time="0.0" classname="UdemyQA.DemoMavenProject.LoginTest"/>
  <testcase name="openAccount" time="0.0" classname="UdemyQA.DemoMavenProject.LoginTest"/>
</testsuite> <!-- Test -->
