<?xml version="1.0" encoding="UTF-8"?>
<testsuite xmlns:xsi="http://www.w3.org/2001/XMLSchema-instance" xsi:noNamespaceSchemaLocation="https://maven.apache.org/surefire/maven-surefire-plugin/xsd/surefire-test-report-3.0.xsd" version="3.0" name="TestSuite" time="5.598" tests="4" errors="0" skipped="0" failures="0">
  <properties>
[...]
</properties>
  <testcase name="cashDeposit" classname="UdemyQA.DemoMavenProject.DepositTest" time="0.046"/>
  <testcase name="chequeDeposit" classname="UdemyQA.DemoMavenProject.DepositTest" time="0.002"/>
  <testcase name="login" classname="UdemyQA.DemoMavenProject.LoginTest" time="0.004"/>
  <testcase name="openAccount" classname="UdemyQA.DemoMavenProject.LoginTest" time="0.003"/>
</testsuite>